[debug] [2021-01-10T10:01:33.715Z] ----------------------------------------------------------------------
[debug] [2021-01-10T10:01:33.718Z] Command:       C:\Program Files\nodejs\node.exe C:\Users\Ogwumike\AppData\Roaming\npm\node_modules\firebase-tools\lib\bin\firebase.js emulators:start --only functions
[debug] [2021-01-10T10:01:33.718Z] CLI Version:   9.1.2
[debug] [2021-01-10T10:01:33.718Z] Platform:      win32
[debug] [2021-01-10T10:01:33.718Z] Node Version:  v12.16.3
[debug] [2021-01-10T10:01:33.720Z] Time:          Sun Jan 10 2021 11:01:33 GMT+0100 (West Africa Standard Time)
[debug] [2021-01-10T10:01:33.721Z] ----------------------------------------------------------------------
[debug] [2021-01-10T10:01:33.721Z] 
[debug] [2021-01-10T10:01:33.733Z] > command requires scopes: ["email","openid","https://www.googleapis.com/auth/cloudplatformprojects.readonly","https://www.googleapis.com/auth/firebase","https://www.googleapis.com/auth/cloud-platform"]
[debug] [2021-01-10T10:01:33.734Z] > authorizing via signed-in user
[info] i  emulators: Starting emulators: functions {"metadata":{"emulator":{"name":"hub"},"message":"Starting emulators: functions"}}
[debug] [2021-01-10T10:01:35.805Z] [hub] writing locator at C:\Users\Ogwumike\AppData\Local\Temp\hub-my-ecommerce-website-fac9f.json
[warn] !  functions: The following emulators are not running, calls to these services from the Functions emulator will affect production: auth, firestore, database, hosting, pubsub {"metadata":{"emulator":{"name":"functions"},"message":"The following emulators are not running, calls to these services from the Functions emulator will affect production: \u001b[1mauth, firestore, database, hosting, pubsub\u001b[22m"}}
[info] +  functions: Using node@12 from host. {"metadata":{"emulator":{"name":"functions"},"message":"Using node@12 from host."}}
[debug] [2021-01-10T10:01:37.919Z] defaultcredentials: writing to file C:\Users\Ogwumike\AppData\Roaming\firebase\jonathanogwumike_gmail_com_application_default_credentials.json
[debug] [2021-01-10T10:01:37.921Z] Setting GAC to C:\Users\Ogwumike\AppData\Roaming\firebase\jonathanogwumike_gmail_com_application_default_credentials.json {"metadata":{"emulator":{"name":"functions"},"message":"Setting GAC to C:\\Users\\Ogwumike\\AppData\\Roaming\\firebase\\jonathanogwumike_gmail_com_application_default_credentials.json"}}
[debug] [2021-01-10T10:01:37.930Z] > refreshing access token with scopes: []
[debug] [2021-01-10T10:01:37.932Z] >>> HTTP REQUEST POST https://www.googleapis.com/oauth2/v3/token  
 <request body omitted>
[debug] [2021-01-10T10:01:38.498Z] <<< HTTP RESPONSE 200 {"pragma":"no-cache","cache-control":"no-cache, no-store, max-age=0, must-revalidate","expires":"Mon, 01 Jan 1990 00:00:00 GMT","date":"Sun, 10 Jan 2021 10:01:37 GMT","content-type":"application/json; charset=utf-8","vary":"X-Origin, Referer, Origin,Accept-Encoding","server":"scaffolding on HTTPServer2","x-xss-protection":"0","x-frame-options":"SAMEORIGIN","x-content-type-options":"nosniff","alt-svc":"h3-29=\":443\"; ma=2592000,h3-T051=\":443\"; ma=2592000,h3-Q050=\":443\"; ma=2592000,h3-Q046=\":443\"; ma=2592000,h3-Q043=\":443\"; ma=2592000,quic=\":443\"; ma=2592000; v=\"46,43\"","accept-ranges":"none","transfer-encoding":"chunked"}
[debug] [2021-01-10T10:01:38.511Z] >>> [apiv2][query] GET https://firebase.googleapis.com/v1beta1/projects/my-ecommerce-website-fac9f/adminSdkConfig [none]
[debug] [2021-01-10T10:01:39.268Z] <<< [apiv2][status] GET https://firebase.googleapis.com/v1beta1/projects/my-ecommerce-website-fac9f/adminSdkConfig 200
[debug] [2021-01-10T10:01:39.269Z] <<< [apiv2][body] GET https://firebase.googleapis.com/v1beta1/projects/my-ecommerce-website-fac9f/adminSdkConfig {"projectId":"my-ecommerce-website-fac9f","storageBucket":"my-ecommerce-website-fac9f.appspot.com","locationId":"europe-west"}
[debug] [2021-01-10T10:01:43.322Z] Ignoring unsupported arg: auto_download {"metadata":{"emulator":{"name":"ui"},"message":"Ignoring unsupported arg: auto_download"}}
[debug] [2021-01-10T10:01:43.323Z] Ignoring unsupported arg: port {"metadata":{"emulator":{"name":"ui"},"message":"Ignoring unsupported arg: port"}}
[debug] [2021-01-10T10:01:43.323Z] Starting Emulator UI with command {"binary":"node","args":["C:\\Users\\Ogwumike\\.cache\\firebase\\emulators\\ui-v1.4.1\\server.bundle.js"],"optionalArgs":[],"joinArgs":false} {"metadata":{"emulator":{"name":"ui"},"message":"Starting Emulator UI with command {\"binary\":\"node\",\"args\":[\"C:\\\\Users\\\\Ogwumike\\\\.cache\\\\firebase\\\\emulators\\\\ui-v1.4.1\\\\server.bundle.js\"],\"optionalArgs\":[],\"joinArgs\":false}"}}
[info] i  ui: Emulator UI logging to ui-debug.log {"metadata":{"emulator":{"name":"ui"},"message":"Emulator UI logging to \u001b[1mui-debug.log\u001b[22m"}}
[debug] [2021-01-10T10:01:43.563Z] Web / API server started at http://localhost:4000
 {"metadata":{"emulator":{"name":"ui"},"message":"Web / API server started at http://localhost:4000\n"}}
[info] i  functions: Watching "C:\Users\Ogwumike\Desktop\Hiit\React\ReactJs\REACT\finalproject\ecom1\functions" for Cloud Functions... {"metadata":{"emulator":{"name":"functions"},"message":"Watching \"C:\\Users\\Ogwumike\\Desktop\\Hiit\\React\\ReactJs\\REACT\\finalproject\\ecom1\\functions\" for Cloud Functions..."}}
[debug] [2021-01-10T10:01:43.939Z] [worker-pool] addWorker(~diagnostic~) {"metadata":{"emulator":{"name":"functions"},"message":"[worker-pool] addWorker(~diagnostic~)"}}
[debug] [2021-01-10T10:01:43.939Z] [worker-pool] Adding worker with key ~diagnostic~, total=1 {"metadata":{"emulator":{"name":"functions"},"message":"[worker-pool] Adding worker with key ~diagnostic~, total=1"}}
[debug] [2021-01-10T10:01:43.940Z] [worker-pool] submitWork(triggerId=) {"metadata":{"emulator":{"name":"functions"},"message":"[worker-pool] submitWork(triggerId=)"}}
[debug] [2021-01-10T10:01:43.941Z] [worker-~diagnostic~-a970b881-d09c-45fb-be68-eab14ec4a7c0]: Assigning socketPath: \\?\pipe\C:\Users\Ogwumike\Desktop\Hiit\React\ReactJs\REACT\finalproject\ecom1\functions\14804 {"metadata":{"emulator":{"name":"functions"},"message":"[worker-~diagnostic~-a970b881-d09c-45fb-be68-eab14ec4a7c0]: Assigning socketPath: \\\\?\\pipe\\C:\\Users\\Ogwumike\\Desktop\\Hiit\\React\\ReactJs\\REACT\\finalproject\\ecom1\\functions\\14804"}}
[debug] [2021-01-10T10:01:43.942Z] [worker-~diagnostic~-a970b881-d09c-45fb-be68-eab14ec4a7c0]: BUSY {"metadata":{"emulator":{"name":"functions"},"message":"[worker-~diagnostic~-a970b881-d09c-45fb-be68-eab14ec4a7c0]: BUSY"}}
[debug] [2021-01-10T10:01:44.357Z] [runtime-status] [14804] Functions runtime initialized. {"cwd":"C:\\Users\\Ogwumike\\Desktop\\Hiit\\React\\ReactJs\\REACT\\finalproject\\ecom1\\functions","node_version":"12.16.3"} {"metadata":{"emulator":{"name":"functions"},"message":"[runtime-status] [14804] Functions runtime initialized. {\"cwd\":\"C:\\\\Users\\\\Ogwumike\\\\Desktop\\\\Hiit\\\\React\\\\ReactJs\\\\REACT\\\\finalproject\\\\ecom1\\\\functions\",\"node_version\":\"12.16.3\"}"}}
[debug] [2021-01-10T10:01:44.358Z] [runtime-status] [14804] Disabled runtime features: undefined {"metadata":{"emulator":{"name":"functions"},"message":"[runtime-status] [14804] Disabled runtime features: undefined"}}
[debug] [2021-01-10T10:01:44.364Z] [runtime-status] [14804] Resolved module firebase-admin {"declared":true,"installed":true,"version":"9.4.2","resolution":"C:\\Users\\Ogwumike\\Desktop\\Hiit\\React\\ReactJs\\REACT\\finalproject\\ecom1\\functions\\node_modules\\firebase-admin\\lib\\index.js"} {"metadata":{"emulator":{"name":"functions"},"message":"[runtime-status] [14804] Resolved module firebase-admin {\"declared\":true,\"installed\":true,\"version\":\"9.4.2\",\"resolution\":\"C:\\\\Users\\\\Ogwumike\\\\Desktop\\\\Hiit\\\\React\\\\ReactJs\\\\REACT\\\\finalproject\\\\ecom1\\\\functions\\\\node_modules\\\\firebase-admin\\\\lib\\\\index.js\"}"}}
[debug] [2021-01-10T10:01:44.366Z] [runtime-status] [14804] Resolved module firebase-functions {"declared":true,"installed":true,"version":"3.13.0","resolution":"C:\\Users\\Ogwumike\\Desktop\\Hiit\\React\\ReactJs\\REACT\\finalproject\\ecom1\\functions\\node_modules\\firebase-functions\\lib\\index.js"} {"metadata":{"emulator":{"name":"functions"},"message":"[runtime-status] [14804] Resolved module firebase-functions {\"declared\":true,\"installed\":true,\"version\":\"3.13.0\",\"resolution\":\"C:\\\\Users\\\\Ogwumike\\\\Desktop\\\\Hiit\\\\React\\\\ReactJs\\\\REACT\\\\finalproject\\\\ecom1\\\\functions\\\\node_modules\\\\firebase-functions\\\\lib\\\\index.js\"}"}}
[debug] [2021-01-10T10:01:44.368Z] [runtime-status] [14804] Resolved module firebase-functions {"declared":true,"installed":true,"version":"3.13.0","resolution":"C:\\Users\\Ogwumike\\Desktop\\Hiit\\React\\ReactJs\\REACT\\finalproject\\ecom1\\functions\\node_modules\\firebase-functions\\lib\\index.js"} {"metadata":{"emulator":{"name":"functions"},"message":"[runtime-status] [14804] Resolved module firebase-functions {\"declared\":true,\"installed\":true,\"version\":\"3.13.0\",\"resolution\":\"C:\\\\Users\\\\Ogwumike\\\\Desktop\\\\Hiit\\\\React\\\\ReactJs\\\\REACT\\\\finalproject\\\\ecom1\\\\functions\\\\node_modules\\\\firebase-functions\\\\lib\\\\index.js\"}"}}
[debug] [2021-01-10T10:01:44.370Z] [runtime-status] [14804] Outgoing network have been stubbed. [{"name":"http","status":"mocked"},{"name":"http","status":"mocked"},{"name":"https","status":"mocked"},{"name":"https","status":"mocked"},{"name":"net","status":"mocked"}] {"metadata":{"emulator":{"name":"functions"},"message":"[runtime-status] [14804] Outgoing network have been stubbed. [{\"name\":\"http\",\"status\":\"mocked\"},{\"name\":\"http\",\"status\":\"mocked\"},{\"name\":\"https\",\"status\":\"mocked\"},{\"name\":\"https\",\"status\":\"mocked\"},{\"name\":\"net\",\"status\":\"mocked\"}]"}}
[debug] [2021-01-10T10:01:44.371Z] [runtime-status] [14804] Resolved module firebase-functions {"declared":true,"installed":true,"version":"3.13.0","resolution":"C:\\Users\\Ogwumike\\Desktop\\Hiit\\React\\ReactJs\\REACT\\finalproject\\ecom1\\functions\\node_modules\\firebase-functions\\lib\\index.js"} {"metadata":{"emulator":{"name":"functions"},"message":"[runtime-status] [14804] Resolved module firebase-functions {\"declared\":true,\"installed\":true,\"version\":\"3.13.0\",\"resolution\":\"C:\\\\Users\\\\Ogwumike\\\\Desktop\\\\Hiit\\\\React\\\\ReactJs\\\\REACT\\\\finalproject\\\\ecom1\\\\functions\\\\node_modules\\\\firebase-functions\\\\lib\\\\index.js\"}"}}
[debug] [2021-01-10T10:01:44.444Z] [runtime-status] [14804] Checked functions.config() {"config":{}} {"metadata":{"emulator":{"name":"functions"},"message":"[runtime-status] [14804] Checked functions.config() {\"config\":{}}"}}
[debug] [2021-01-10T10:01:44.445Z] [runtime-status] [14804] firebase-functions has been stubbed. {"functionsResolution":{"declared":true,"installed":true,"version":"3.13.0","resolution":"C:\\Users\\Ogwumike\\Desktop\\Hiit\\React\\ReactJs\\REACT\\finalproject\\ecom1\\functions\\node_modules\\firebase-functions\\lib\\index.js"}} {"metadata":{"emulator":{"name":"functions"},"message":"[runtime-status] [14804] firebase-functions has been stubbed. {\"functionsResolution\":{\"declared\":true,\"installed\":true,\"version\":\"3.13.0\",\"resolution\":\"C:\\\\Users\\\\Ogwumike\\\\Desktop\\\\Hiit\\\\React\\\\ReactJs\\\\REACT\\\\finalproject\\\\ecom1\\\\functions\\\\node_modules\\\\firebase-functions\\\\lib\\\\index.js\"}}"}}
[debug] [2021-01-10T10:01:44.446Z] [runtime-status] [14804] Resolved module firebase-functions {"declared":true,"installed":true,"version":"3.13.0","resolution":"C:\\Users\\Ogwumike\\Desktop\\Hiit\\React\\ReactJs\\REACT\\finalproject\\ecom1\\functions\\node_modules\\firebase-functions\\lib\\index.js"} {"metadata":{"emulator":{"name":"functions"},"message":"[runtime-status] [14804] Resolved module firebase-functions {\"declared\":true,\"installed\":true,\"version\":\"3.13.0\",\"resolution\":\"C:\\\\Users\\\\Ogwumike\\\\Desktop\\\\Hiit\\\\React\\\\ReactJs\\\\REACT\\\\finalproject\\\\ecom1\\\\functions\\\\node_modules\\\\firebase-functions\\\\lib\\\\index.js\"}"}}
[debug] [2021-01-10T10:01:44.448Z] [runtime-status] [14804] Resolved module firebase-admin {"declared":true,"installed":true,"version":"9.4.2","resolution":"C:\\Users\\Ogwumike\\Desktop\\Hiit\\React\\ReactJs\\REACT\\finalproject\\ecom1\\functions\\node_modules\\firebase-admin\\lib\\index.js"} {"metadata":{"emulator":{"name":"functions"},"message":"[runtime-status] [14804] Resolved module firebase-admin {\"declared\":true,\"installed\":true,\"version\":\"9.4.2\",\"resolution\":\"C:\\\\Users\\\\Ogwumike\\\\Desktop\\\\Hiit\\\\React\\\\ReactJs\\\\REACT\\\\finalproject\\\\ecom1\\\\functions\\\\node_modules\\\\firebase-admin\\\\lib\\\\index.js\"}"}}
[debug] [2021-01-10T10:01:44.450Z] [runtime-status] [14804] Resolved module firebase-functions {"declared":true,"installed":true,"version":"3.13.0","resolution":"C:\\Users\\Ogwumike\\Desktop\\Hiit\\React\\ReactJs\\REACT\\finalproject\\ecom1\\functions\\node_modules\\firebase-functions\\lib\\index.js"} {"metadata":{"emulator":{"name":"functions"},"message":"[runtime-status] [14804] Resolved module firebase-functions {\"declared\":true,\"installed\":true,\"version\":\"3.13.0\",\"resolution\":\"C:\\\\Users\\\\Ogwumike\\\\Desktop\\\\Hiit\\\\React\\\\ReactJs\\\\REACT\\\\finalproject\\\\ecom1\\\\functions\\\\node_modules\\\\firebase-functions\\\\lib\\\\index.js\"}"}}
[debug] [2021-01-10T10:01:44.450Z] [runtime-status] [14804] firebase-admin has been stubbed. {"adminResolution":{"declared":true,"installed":true,"version":"9.4.2","resolution":"C:\\Users\\Ogwumike\\Desktop\\Hiit\\React\\ReactJs\\REACT\\finalproject\\ecom1\\functions\\node_modules\\firebase-admin\\lib\\index.js"}} {"metadata":{"emulator":{"name":"functions"},"message":"[runtime-status] [14804] firebase-admin has been stubbed. {\"adminResolution\":{\"declared\":true,\"installed\":true,\"version\":\"9.4.2\",\"resolution\":\"C:\\\\Users\\\\Ogwumike\\\\Desktop\\\\Hiit\\\\React\\\\ReactJs\\\\REACT\\\\finalproject\\\\ecom1\\\\functions\\\\node_modules\\\\firebase-admin\\\\lib\\\\index.js\"}}"}}
[info] +  functions[api]: http function initialized (http://localhost:5001/my-ecommerce-website-fac9f/us-central1/api). {"metadata":{"emulator":{"name":"functions"},"message":"\u001b[1mhttp\u001b[22m function initialized (http://localhost:5001/my-ecommerce-website-fac9f/us-central1/api)."}}
[info] 
┌─────────────────────────────────────────────────────────────┐
│ ✔  All emulators ready! It is now safe to connect your app. │
│ i  View Emulator UI at http://localhost:4000                │
└─────────────────────────────────────────────────────────────┘

┌───────────┬────────────────┬─────────────────────────────────┐
│ Emulator  │ Host:Port      │ View in Emulator UI             │
├───────────┼────────────────┼─────────────────────────────────┤
│ Functions │ localhost:5001 │ http://localhost:4000/functions │
└───────────┴────────────────┴─────────────────────────────────┘
  Emulator Hub running at localhost:4400
  Other reserved ports: 4500

Issues? Report them at https://github.com/firebase/firebase-tools/issues and attach the *-debug.log files.
 
[debug] [2021-01-10T10:01:44.837Z] [worker-~diagnostic~-a970b881-d09c-45fb-be68-eab14ec4a7c0]: IDLE {"metadata":{"emulator":{"name":"functions"},"message":"[worker-~diagnostic~-a970b881-d09c-45fb-be68-eab14ec4a7c0]: IDLE"}}
